2018-01-03 19:36:23,252 [Worker-5] INFO  c.g.t.t.d.PublishedGradleVersions - Gradle version information cache is out-of-date. Trying to update.
2018-01-04 10:10:27,938 [Worker-9] INFO  c.g.t.t.d.PublishedGradleVersions - Gradle version information cache is up-to-date. Trying to read.
2018-01-05 09:27:49,421 [Worker-3] INFO  c.g.t.t.d.PublishedGradleVersions - Gradle version information cache is out-of-date. Trying to update.
2018-01-05 12:37:52,753 [Worker-8] INFO  c.g.t.t.d.PublishedGradleVersions - Gradle version information cache is up-to-date. Trying to read.
2018-01-06 09:18:18,066 [Worker-19] INFO  c.g.t.t.d.PublishedGradleVersions - Gradle version information cache is up-to-date. Trying to read.
2018-01-06 18:36:48,026 [Worker-6] INFO  c.g.t.t.d.PublishedGradleVersions - Gradle version information cache is out-of-date. Trying to update.
2018-01-06 18:36:48,092 [Worker-6] INFO  c.g.t.t.d.PublishedGradleVersions - Updating Gradle version information cache failed. Using outdated cache.
2018-01-07 10:19:15,941 [Worker-7] INFO  c.g.t.t.d.PublishedGradleVersions - Gradle version information cache is out-of-date. Trying to update.
2018-01-07 13:26:52,258 [Worker-17] INFO  c.g.t.t.d.PublishedGradleVersions - Gradle version information cache is up-to-date. Trying to read.
2018-01-09 18:12:45,899 [Worker-5] INFO  c.g.t.t.d.PublishedGradleVersions - Gradle version information cache is out-of-date. Trying to update.
2018-01-09 18:12:45,909 [Worker-5] INFO  c.g.t.t.d.PublishedGradleVersions - Updating Gradle version information cache failed. Using outdated cache.
2018-01-10 15:43:47,337 [Worker-0] INFO  c.g.t.t.d.PublishedGradleVersions - Gradle version information cache is up-to-date. Trying to read.
2018-01-11 09:57:48,570 [Worker-8] INFO  c.g.t.t.d.PublishedGradleVersions - Gradle version information cache is up-to-date. Trying to read.
2018-01-12 10:21:26,506 [Worker-17] INFO  c.g.t.t.d.PublishedGradleVersions - Gradle version information cache is out-of-date. Trying to update.
2018-01-12 13:07:31,920 [Worker-3] INFO  c.g.t.t.d.PublishedGradleVersions - Gradle version information cache is up-to-date. Trying to read.
2018-01-13 17:06:33,550 [Worker-23] INFO  c.g.t.t.d.PublishedGradleVersions - Gradle version information cache is out-of-date. Trying to update.
2018-01-13 21:21:19,635 [Worker-7] INFO  c.g.t.t.d.PublishedGradleVersions - Gradle version information cache is up-to-date. Trying to read.
2018-01-13 22:51:28,249 [Worker-0] INFO  c.g.t.t.d.PublishedGradleVersions - Gradle version information cache is up-to-date. Trying to read.
2018-01-15 10:59:57,430 [Worker-12] INFO  c.g.t.t.d.PublishedGradleVersions - Gradle version information cache is out-of-date. Trying to update.
2018-01-18 21:35:39,747 [Worker-9] INFO  c.g.t.t.d.PublishedGradleVersions - Gradle version information cache is out-of-date. Trying to update.
2018-01-22 00:44:24,671 [Worker-7] INFO  c.g.t.t.d.PublishedGradleVersions - Gradle version information cache is out-of-date. Trying to update.
2018-01-22 14:12:08,490 [Worker-5] INFO  c.g.t.t.d.PublishedGradleVersions - Gradle version information cache is up-to-date. Trying to read.
2018-01-29 16:15:59,313 [Worker-3] INFO  c.g.t.t.d.PublishedGradleVersions - Gradle version information cache is out-of-date. Trying to update.
2018-02-04 13:56:46,333 [Worker-2] INFO  c.g.t.t.d.PublishedGradleVersions - Gradle version information cache is out-of-date. Trying to update.
2018-02-04 14:04:19,646 [Worker-3] INFO  c.g.t.t.d.PublishedGradleVersions - Gradle version information cache is up-to-date. Trying to read.
2018-02-04 19:17:53,058 [Worker-18] INFO  c.g.t.t.d.PublishedGradleVersions - Gradle version information cache is up-to-date. Trying to read.
2018-02-05 10:19:07,196 [Worker-20] INFO  c.g.t.t.d.PublishedGradleVersions - Gradle version information cache is up-to-date. Trying to read.
2018-02-10 13:46:23,458 [Worker-2] INFO  c.g.t.t.d.PublishedGradleVersions - Gradle version information cache is out-of-date. Trying to update.
2018-02-10 14:03:16,714 [Worker-19] INFO  o.e.m.c.i.l.LifecycleMappingFactory - Using NULL lifecycle mapping for MavenProject: org.cloudbus.cloudsim:cloudsim-package:4.0 @ D:\EBA-ACO\EBA-ACO\cloudsim-cloudsim-4.0\pom.xml.
2018-02-10 14:03:16,793 [Worker-19] INFO  o.e.m.c.i.l.LifecycleMappingFactory - Using NULL lifecycle mapping for MavenProject: org.cloudbus.cloudsim:modules:4.0 @ D:\EBA-ACO\EBA-ACO\cloudsim-cloudsim-4.0\modules\pom.xml.
2018-02-10 14:03:17,447 [Worker-19] INFO  o.e.m.c.i.l.LifecycleMappingFactory - Using org.eclipse.m2e.jdt.JarLifecycleMapping lifecycle mapping for MavenProject: org.cloudbus.cloudsim:cloudsim:4.0 @ D:\EBA-ACO\EBA-ACO\cloudsim-cloudsim-4.0\modules\cloudsim\pom.xml.
2018-02-10 14:03:17,566 [Worker-19] INFO  o.e.m.c.i.l.LifecycleMappingFactory - Using org.eclipse.m2e.jdt.JarLifecycleMapping lifecycle mapping for MavenProject: org.cloudbus.cloudsim:cloudsim-examples:4.0 @ D:\EBA-ACO\EBA-ACO\cloudsim-cloudsim-4.0\modules\cloudsim-examples\pom.xml.
2018-02-10 14:03:17,618 [Worker-19] INFO  o.e.m.c.i.l.LifecycleMappingFactory - Using org.eclipse.m2e.jdt.JarLifecycleMapping lifecycle mapping for MavenProject: org.cloudbus.cloudsim:documentation:4.0 @ D:\EBA-ACO\EBA-ACO\cloudsim-cloudsim-4.0\documentation\pom.xml.
2018-02-10 14:03:17,622 [Worker-19] INFO  o.e.m.c.i.l.LifecycleMappingFactory - Using NULL lifecycle mapping for MavenProject: org.cloudbus.cloudsim:distribution:4.0 @ D:\EBA-ACO\EBA-ACO\cloudsim-cloudsim-4.0\distribution\pom.xml.
2018-02-10 14:03:18,925 [Worker-19] INFO  o.e.m.j.i.AbstractJavaProjectConfigurator - Adding source folder /cloudsim/src/main/java
2018-02-10 14:03:18,930 [Worker-19] INFO  o.e.m.j.i.AbstractJavaProjectConfigurator - Adding source folder /cloudsim/src/test/java
2018-02-10 14:03:18,930 [Worker-19] INFO  o.e.m.j.i.AbstractJavaProjectConfigurator - Adding resource folder /cloudsim/src/test/resources
2018-02-10 14:03:19,283 [Worker-19] INFO  o.e.m.j.i.AbstractJavaProjectConfigurator - Adding source folder /cloudsim-examples/src/main/java
2018-02-10 14:03:19,283 [Worker-19] INFO  o.e.m.j.i.AbstractJavaProjectConfigurator - Adding resource folder /cloudsim-examples/src/main/resources
2018-02-10 14:03:19,384 [Worker-19] INFO  o.e.m.j.i.AbstractJavaProjectConfigurator - Adding source folder /cloudsim-examples/src/test/java
2018-02-10 14:03:19,853 [Worker-19] INFO  o.e.m.j.i.AbstractJavaProjectConfigurator - Adding source folder /documentation/src/main/java
2018-02-10 14:03:19,853 [Worker-19] INFO  o.e.m.j.i.AbstractJavaProjectConfigurator - Adding resource folder /documentation/src/main/resources
2018-02-10 14:03:19,859 [Worker-19] INFO  o.e.m.j.i.AbstractJavaProjectConfigurator - Adding source folder /documentation/src/test/java
2018-02-10 14:03:19,901 [Worker-19] INFO  o.e.m.c.i.p.ProjectConfigurationManager - Imported and configured 6 project(s) in 8 sec
2018-02-10 14:03:24,682 [Worker-22] INFO  o.e.m.c.i.embedder.EclipseLogger - Using 'UTF-8' encoding to copy filtered resources.
2018-02-10 14:03:24,682 [Worker-22] INFO  o.e.m.c.i.embedder.EclipseLogger - skip non existing resourceDirectory D:\EBA-ACO\EBA-ACO\cloudsim-cloudsim-4.0\modules\cloudsim\src\main\resources
2018-02-10 14:03:24,684 [Worker-22] INFO  o.e.m.c.i.embedder.EclipseLogger - Using 'UTF-8' encoding to copy filtered resources.
2018-02-10 14:03:24,685 [Worker-22] INFO  o.e.m.c.i.embedder.EclipseLogger - Copying 1 resource
2018-02-10 14:03:25,250 [Worker-22] INFO  o.e.m.c.i.embedder.EclipseLogger - Using 'UTF-8' encoding to copy filtered resources.
2018-02-10 14:03:25,377 [Worker-22] INFO  o.e.m.c.i.embedder.EclipseLogger - Copying 11746 resources
2018-02-10 14:03:33,852 [Worker-22] INFO  o.e.m.c.i.embedder.EclipseLogger - Using 'UTF-8' encoding to copy filtered resources.
2018-02-10 14:03:33,853 [Worker-22] INFO  o.e.m.c.i.embedder.EclipseLogger - skip non existing resourceDirectory D:\EBA-ACO\EBA-ACO\cloudsim-cloudsim-4.0\modules\cloudsim-examples\src\test\resources
2018-02-10 14:03:36,947 [Worker-22] INFO  o.e.m.c.i.embedder.EclipseLogger - Using 'UTF-8' encoding to copy filtered resources.
2018-02-10 14:03:36,948 [Worker-22] INFO  o.e.m.c.i.embedder.EclipseLogger - Copying 7 resources
2018-02-10 14:03:36,964 [Worker-22] INFO  o.e.m.c.i.embedder.EclipseLogger - Using 'UTF-8' encoding to copy filtered resources.
2018-02-10 14:03:36,965 [Worker-22] INFO  o.e.m.c.i.embedder.EclipseLogger - skip non existing resourceDirectory D:\EBA-ACO\EBA-ACO\cloudsim-cloudsim-4.0\documentation\src\test\resources
2018-02-10 14:52:40,244 [Worker-16] INFO  o.e.m.c.i.embedder.EclipseLogger - Using 'UTF-8' encoding to copy filtered resources.
2018-02-10 14:52:40,465 [Worker-16] INFO  o.e.m.c.i.embedder.EclipseLogger - Copying 11746 resources
2018-02-10 14:52:40,974 [Worker-16] INFO  o.e.m.c.i.embedder.EclipseLogger - Using 'UTF-8' encoding to copy filtered resources.
2018-02-10 14:52:40,975 [Worker-16] INFO  o.e.m.c.i.embedder.EclipseLogger - skip non existing resourceDirectory D:\EBA-ACO\EBA-ACO\cloudsim-cloudsim-4.0\modules\cloudsim-examples\src\test\resources
2018-02-10 14:52:49,688 [Worker-32] INFO  o.e.m.c.i.embedder.EclipseLogger - Using 'UTF-8' encoding to copy filtered resources.
2018-02-10 14:52:50,029 [Worker-32] INFO  o.e.m.c.i.embedder.EclipseLogger - Copying 11746 resources
2018-02-10 14:52:50,587 [Worker-32] INFO  o.e.m.c.i.embedder.EclipseLogger - Using 'UTF-8' encoding to copy filtered resources.
2018-02-10 14:52:50,587 [Worker-32] INFO  o.e.m.c.i.embedder.EclipseLogger - skip non existing resourceDirectory D:\EBA-ACO\EBA-ACO\cloudsim-cloudsim-4.0\modules\cloudsim-examples\src\test\resources
2018-02-10 14:53:33,444 [Worker-32] INFO  o.e.m.c.i.embedder.EclipseLogger - Using 'UTF-8' encoding to copy filtered resources.
2018-02-10 14:53:33,673 [Worker-32] INFO  o.e.m.c.i.embedder.EclipseLogger - Copying 11746 resources
2018-02-10 14:53:34,177 [Worker-32] INFO  o.e.m.c.i.embedder.EclipseLogger - Using 'UTF-8' encoding to copy filtered resources.
2018-02-10 14:53:34,177 [Worker-32] INFO  o.e.m.c.i.embedder.EclipseLogger - skip non existing resourceDirectory D:\EBA-ACO\EBA-ACO\cloudsim-cloudsim-4.0\modules\cloudsim-examples\src\test\resources
2018-02-10 14:55:55,976 [Worker-30] INFO  o.e.m.c.i.embedder.EclipseLogger - Using 'UTF-8' encoding to copy filtered resources.
2018-02-10 14:55:56,221 [Worker-30] INFO  o.e.m.c.i.embedder.EclipseLogger - Copying 11746 resources
2018-02-10 14:55:56,804 [Worker-30] INFO  o.e.m.c.i.embedder.EclipseLogger - Using 'UTF-8' encoding to copy filtered resources.
2018-02-10 14:55:56,804 [Worker-30] INFO  o.e.m.c.i.embedder.EclipseLogger - skip non existing resourceDirectory D:\EBA-ACO\EBA-ACO\cloudsim-cloudsim-4.0\modules\cloudsim-examples\src\test\resources
2018-02-10 14:56:01,326 [Worker-16] INFO  o.e.m.c.i.embedder.EclipseLogger - Using 'UTF-8' encoding to copy filtered resources.
2018-02-10 14:56:01,583 [Worker-16] INFO  o.e.m.c.i.embedder.EclipseLogger - Copying 11746 resources
2018-02-10 14:56:02,130 [Worker-16] INFO  o.e.m.c.i.embedder.EclipseLogger - Using 'UTF-8' encoding to copy filtered resources.
2018-02-10 14:56:02,130 [Worker-16] INFO  o.e.m.c.i.embedder.EclipseLogger - skip non existing resourceDirectory D:\EBA-ACO\EBA-ACO\cloudsim-cloudsim-4.0\modules\cloudsim-examples\src\test\resources
2018-03-06 23:25:59,703 [Worker-3] INFO  c.g.t.t.d.PublishedGradleVersions - Gradle version information cache is out-of-date. Trying to update.
2018-03-06 23:26:04,584 [Worker-2] INFO  o.e.m.c.i.embedder.EclipseLogger - Using 'UTF-8' encoding to copy filtered resources.
2018-03-06 23:26:04,585 [Worker-2] INFO  o.e.m.c.i.embedder.EclipseLogger - skip non existing resourceDirectory D:\EBA-ACO\EBA-ACO\cloudsim-cloudsim-4.0\modules\cloudsim\src\main\resources
2018-03-06 23:26:04,589 [Worker-2] INFO  o.e.m.c.i.embedder.EclipseLogger - Using 'UTF-8' encoding to copy filtered resources.
2018-03-06 23:26:04,599 [Worker-2] INFO  o.e.m.c.i.embedder.EclipseLogger - Copying 1 resource
2018-03-06 23:26:06,501 [Worker-2] INFO  o.e.m.c.i.embedder.EclipseLogger - Using 'UTF-8' encoding to copy filtered resources.
2018-03-06 23:26:06,684 [Worker-2] INFO  o.e.m.c.i.embedder.EclipseLogger - Copying 11746 resources
2018-03-06 23:26:11,257 [Worker-2] INFO  o.e.m.c.i.embedder.EclipseLogger - Using 'UTF-8' encoding to copy filtered resources.
2018-03-06 23:26:11,257 [Worker-2] INFO  o.e.m.c.i.embedder.EclipseLogger - skip non existing resourceDirectory D:\EBA-ACO\EBA-ACO\cloudsim-cloudsim-4.0\modules\cloudsim-examples\src\test\resources
2018-03-06 23:26:52,558 [Worker-2] INFO  o.e.m.c.i.embedder.EclipseLogger - Using 'UTF-8' encoding to copy filtered resources.
2018-03-06 23:26:52,559 [Worker-2] INFO  o.e.m.c.i.embedder.EclipseLogger - skip non existing resourceDirectory D:\EBA-ACO\EBA-ACO\cloudsim-cloudsim-4.0\modules\cloudsim\src\main\resources
2018-03-06 23:26:52,561 [Worker-2] INFO  o.e.m.c.i.embedder.EclipseLogger - Using 'UTF-8' encoding to copy filtered resources.
2018-03-06 23:26:52,563 [Worker-2] INFO  o.e.m.c.i.embedder.EclipseLogger - Copying 0 resource
2018-03-06 23:27:48,112 [Worker-11] INFO  o.e.m.c.i.embedder.EclipseLogger - Using 'UTF-8' encoding to copy filtered resources.
2018-03-06 23:27:48,112 [Worker-11] INFO  o.e.m.c.i.embedder.EclipseLogger - skip non existing resourceDirectory D:\EBA-ACO\EBA-ACO\cloudsim-cloudsim-4.0\modules\cloudsim\src\main\resources
2018-03-06 23:27:48,113 [Worker-11] INFO  o.e.m.c.i.embedder.EclipseLogger - Using 'UTF-8' encoding to copy filtered resources.
2018-03-06 23:27:48,114 [Worker-11] INFO  o.e.m.c.i.embedder.EclipseLogger - Copying 0 resource
2018-03-06 23:28:42,402 [Worker-9] INFO  o.e.m.c.i.embedder.EclipseLogger - Using 'UTF-8' encoding to copy filtered resources.
2018-03-06 23:28:42,402 [Worker-9] INFO  o.e.m.c.i.embedder.EclipseLogger - skip non existing resourceDirectory D:\EBA-ACO\EBA-ACO\cloudsim-cloudsim-4.0\modules\cloudsim\src\main\resources
2018-03-06 23:28:42,415 [Worker-9] INFO  o.e.m.c.i.embedder.EclipseLogger - Using 'UTF-8' encoding to copy filtered resources.
2018-03-06 23:28:42,416 [Worker-9] INFO  o.e.m.c.i.embedder.EclipseLogger - Copying 0 resource
2018-03-06 23:30:58,560 [Worker-11] INFO  o.e.m.c.i.embedder.EclipseLogger - Using 'UTF-8' encoding to copy filtered resources.
2018-03-06 23:30:58,561 [Worker-11] INFO  o.e.m.c.i.embedder.EclipseLogger - skip non existing resourceDirectory D:\EBA-ACO\EBA-ACO\cloudsim-cloudsim-4.0\modules\cloudsim\src\main\resources
2018-03-06 23:30:58,562 [Worker-11] INFO  o.e.m.c.i.embedder.EclipseLogger - Using 'UTF-8' encoding to copy filtered resources.
2018-03-06 23:30:58,562 [Worker-11] INFO  o.e.m.c.i.embedder.EclipseLogger - Copying 0 resource
2018-03-06 23:31:13,517 [Worker-7] INFO  o.e.m.c.i.embedder.EclipseLogger - Using 'UTF-8' encoding to copy filtered resources.
2018-03-06 23:31:13,518 [Worker-7] INFO  o.e.m.c.i.embedder.EclipseLogger - skip non existing resourceDirectory D:\EBA-ACO\EBA-ACO\cloudsim-cloudsim-4.0\modules\cloudsim\src\main\resources
2018-03-06 23:31:13,519 [Worker-7] INFO  o.e.m.c.i.embedder.EclipseLogger - Using 'UTF-8' encoding to copy filtered resources.
2018-03-06 23:31:13,520 [Worker-7] INFO  o.e.m.c.i.embedder.EclipseLogger - Copying 0 resource
2018-03-06 23:32:25,645 [Worker-12] INFO  o.e.m.c.i.embedder.EclipseLogger - Using 'UTF-8' encoding to copy filtered resources.
2018-03-06 23:32:25,645 [Worker-12] INFO  o.e.m.c.i.embedder.EclipseLogger - skip non existing resourceDirectory D:\EBA-ACO\EBA-ACO\cloudsim-cloudsim-4.0\modules\cloudsim\src\main\resources
2018-03-06 23:32:25,650 [Worker-12] INFO  o.e.m.c.i.embedder.EclipseLogger - Using 'UTF-8' encoding to copy filtered resources.
2018-03-06 23:32:25,652 [Worker-12] INFO  o.e.m.c.i.embedder.EclipseLogger - Copying 0 resource
2018-03-06 23:35:01,010 [Worker-9] INFO  o.e.m.c.i.embedder.EclipseLogger - Using 'UTF-8' encoding to copy filtered resources.
2018-03-06 23:35:01,010 [Worker-9] INFO  o.e.m.c.i.embedder.EclipseLogger - skip non existing resourceDirectory D:\EBA-ACO\EBA-ACO\cloudsim-cloudsim-4.0\modules\cloudsim\src\main\resources
2018-03-06 23:35:01,012 [Worker-9] INFO  o.e.m.c.i.embedder.EclipseLogger - Using 'UTF-8' encoding to copy filtered resources.
2018-03-06 23:35:01,012 [Worker-9] INFO  o.e.m.c.i.embedder.EclipseLogger - Copying 0 resource
2018-03-06 23:37:06,031 [Worker-9] INFO  o.e.m.c.i.embedder.EclipseLogger - Using 'UTF-8' encoding to copy filtered resources.
2018-03-06 23:37:06,031 [Worker-9] INFO  o.e.m.c.i.embedder.EclipseLogger - skip non existing resourceDirectory D:\EBA-ACO\EBA-ACO\cloudsim-cloudsim-4.0\modules\cloudsim\src\main\resources
2018-03-06 23:37:06,032 [Worker-9] INFO  o.e.m.c.i.embedder.EclipseLogger - Using 'UTF-8' encoding to copy filtered resources.
2018-03-06 23:37:06,033 [Worker-9] INFO  o.e.m.c.i.embedder.EclipseLogger - Copying 0 resource
2018-03-06 23:43:16,482 [Worker-0] INFO  o.e.m.c.i.embedder.EclipseLogger - Using 'UTF-8' encoding to copy filtered resources.
2018-03-06 23:43:16,482 [Worker-0] INFO  o.e.m.c.i.embedder.EclipseLogger - skip non existing resourceDirectory D:\EBA-ACO\EBA-ACO\cloudsim-cloudsim-4.0\modules\cloudsim\src\main\resources
2018-03-06 23:43:16,483 [Worker-0] INFO  o.e.m.c.i.embedder.EclipseLogger - Using 'UTF-8' encoding to copy filtered resources.
2018-03-06 23:43:16,484 [Worker-0] INFO  o.e.m.c.i.embedder.EclipseLogger - Copying 0 resource
2018-03-06 23:53:40,191 [Worker-25] INFO  o.e.m.c.i.embedder.EclipseLogger - Using 'UTF-8' encoding to copy filtered resources.
2018-03-06 23:53:40,192 [Worker-25] INFO  o.e.m.c.i.embedder.EclipseLogger - skip non existing resourceDirectory D:\EBA-ACO\EBA-ACO\cloudsim-cloudsim-4.0\modules\cloudsim\src\main\resources
2018-03-06 23:53:40,193 [Worker-25] INFO  o.e.m.c.i.embedder.EclipseLogger - Using 'UTF-8' encoding to copy filtered resources.
2018-03-06 23:53:40,194 [Worker-25] INFO  o.e.m.c.i.embedder.EclipseLogger - Copying 0 resource
2018-03-09 19:37:47,951 [Worker-0] INFO  c.g.t.t.d.PublishedGradleVersions - Gradle version information cache is out-of-date. Trying to update.
2018-03-19 10:31:05,603 [Worker-9] INFO  c.g.t.t.d.PublishedGradleVersions - Gradle version information cache is out-of-date. Trying to update.
2018-03-19 10:31:10,229 [Worker-4] INFO  o.e.m.c.i.embedder.EclipseLogger - Using 'UTF-8' encoding to copy filtered resources.
2018-03-19 10:31:10,231 [Worker-4] INFO  o.e.m.c.i.embedder.EclipseLogger - skip non existing resourceDirectory D:\EBA-ACO\EBA-ACO\cloudsim-cloudsim-4.0\modules\cloudsim\src\main\resources
2018-03-19 10:31:10,237 [Worker-4] INFO  o.e.m.c.i.embedder.EclipseLogger - Using 'UTF-8' encoding to copy filtered resources.
2018-03-19 10:31:10,244 [Worker-4] INFO  o.e.m.c.i.embedder.EclipseLogger - Copying 1 resource
2018-03-19 10:31:11,103 [Worker-4] INFO  o.e.m.c.i.embedder.EclipseLogger - Using 'UTF-8' encoding to copy filtered resources.
2018-03-19 10:31:11,277 [Worker-4] INFO  o.e.m.c.i.embedder.EclipseLogger - Copying 11746 resources
2018-03-19 10:31:14,489 [Worker-4] INFO  o.e.m.c.i.embedder.EclipseLogger - Using 'UTF-8' encoding to copy filtered resources.
2018-03-19 10:31:14,489 [Worker-4] INFO  o.e.m.c.i.embedder.EclipseLogger - skip non existing resourceDirectory D:\EBA-ACO\EBA-ACO\cloudsim-cloudsim-4.0\modules\cloudsim-examples\src\test\resources
2018-03-19 10:31:17,548 [Worker-4] INFO  o.e.m.c.i.embedder.EclipseLogger - Using 'UTF-8' encoding to copy filtered resources.
2018-03-19 10:31:17,549 [Worker-4] INFO  o.e.m.c.i.embedder.EclipseLogger - Copying 7 resources
2018-03-19 10:31:17,553 [Worker-4] INFO  o.e.m.c.i.embedder.EclipseLogger - Using 'UTF-8' encoding to copy filtered resources.
2018-03-19 10:31:17,553 [Worker-4] INFO  o.e.m.c.i.embedder.EclipseLogger - skip non existing resourceDirectory D:\EBA-ACO\EBA-ACO\cloudsim-cloudsim-4.0\documentation\src\test\resources
